C compiler IPO check failed with the following output:
Change Dir: /media/home/beste/01_Pro/ld25x/bsp_hu/MYD-LD25X-Uboot-L2022.10-V1.0.0/GEN_FIP/build/myb-stm32mp257x-2GB-ca35tdcid-ostl/core/lib/scmi-server/build/CMakeFiles/_CMakeLTOTest-C/bin

Run Build Command(s):/usr/bin/make -f Makefile && make[1]: Entering directory '/media/home/beste/01_Pro/ld25x/bsp_hu/MYD-LD25X-Uboot-L2022.10-V1.0.0/GEN_FIP/build/myb-stm32mp257x-2GB-ca35tdcid-ostl/core/lib/scmi-server/build/CMakeFiles/_CMakeLTOTest-C/bin'
/media/home/beste/03_toolchain/ld25x/sysroots/x86_64-ostl_sdk-linux/usr/bin/cmake -S/media/home/beste/01_Pro/ld25x/bsp_hu/MYD-LD25X-Uboot-L2022.10-V1.0.0/GEN_FIP/build/myb-stm32mp257x-2GB-ca35tdcid-ostl/core/lib/scmi-server/build/CMakeFiles/_CMakeLTOTest-C/src -B/media/home/beste/01_Pro/ld25x/bsp_hu/MYD-LD25X-Uboot-L2022.10-V1.0.0/GEN_FIP/build/myb-stm32mp257x-2GB-ca35tdcid-ostl/core/lib/scmi-server/build/CMakeFiles/_CMakeLTOTest-C/bin --check-build-system CMakeFiles/Makefile.cmake 0
/media/home/beste/03_toolchain/ld25x/sysroots/x86_64-ostl_sdk-linux/usr/bin/cmake -E cmake_progress_start /media/home/beste/01_Pro/ld25x/bsp_hu/MYD-LD25X-Uboot-L2022.10-V1.0.0/GEN_FIP/build/myb-stm32mp257x-2GB-ca35tdcid-ostl/core/lib/scmi-server/build/CMakeFiles/_CMakeLTOTest-C/bin/CMakeFiles /media/home/beste/01_Pro/ld25x/bsp_hu/MYD-LD25X-Uboot-L2022.10-V1.0.0/GEN_FIP/build/myb-stm32mp257x-2GB-ca35tdcid-ostl/core/lib/scmi-server/build/CMakeFiles/_CMakeLTOTest-C/bin//CMakeFiles/progress.marks
/usr/bin/make  -f CMakeFiles/Makefile2 all
make[2]: Entering directory '/media/home/beste/01_Pro/ld25x/bsp_hu/MYD-LD25X-Uboot-L2022.10-V1.0.0/GEN_FIP/build/myb-stm32mp257x-2GB-ca35tdcid-ostl/core/lib/scmi-server/build/CMakeFiles/_CMakeLTOTest-C/bin'
/usr/bin/make  -f CMakeFiles/foo.dir/build.make CMakeFiles/foo.dir/depend
make[3]: Entering directory '/media/home/beste/01_Pro/ld25x/bsp_hu/MYD-LD25X-Uboot-L2022.10-V1.0.0/GEN_FIP/build/myb-stm32mp257x-2GB-ca35tdcid-ostl/core/lib/scmi-server/build/CMakeFiles/_CMakeLTOTest-C/bin'
cd /media/home/beste/01_Pro/ld25x/bsp_hu/MYD-LD25X-Uboot-L2022.10-V1.0.0/GEN_FIP/build/myb-stm32mp257x-2GB-ca35tdcid-ostl/core/lib/scmi-server/build/CMakeFiles/_CMakeLTOTest-C/bin && /media/home/beste/03_toolchain/ld25x/sysroots/x86_64-ostl_sdk-linux/usr/bin/cmake -E cmake_depends "Unix Makefiles" /media/home/beste/01_Pro/ld25x/bsp_hu/MYD-LD25X-Uboot-L2022.10-V1.0.0/GEN_FIP/build/myb-stm32mp257x-2GB-ca35tdcid-ostl/core/lib/scmi-server/build/CMakeFiles/_CMakeLTOTest-C/src /media/home/beste/01_Pro/ld25x/bsp_hu/MYD-LD25X-Uboot-L2022.10-V1.0.0/GEN_FIP/build/myb-stm32mp257x-2GB-ca35tdcid-ostl/core/lib/scmi-server/build/CMakeFiles/_CMakeLTOTest-C/src /media/home/beste/01_Pro/ld25x/bsp_hu/MYD-LD25X-Uboot-L2022.10-V1.0.0/GEN_FIP/build/myb-stm32mp257x-2GB-ca35tdcid-ostl/core/lib/scmi-server/build/CMakeFiles/_CMakeLTOTest-C/bin /media/home/beste/01_Pro/ld25x/bsp_hu/MYD-LD25X-Uboot-L2022.10-V1.0.0/GEN_FIP/build/myb-stm32mp257x-2GB-ca35tdcid-ostl/core/lib/scmi-server/build/CMakeFiles/_CMakeLTOTest-C/bin /media/home/beste/01_Pro/ld25x/bsp_hu/MYD-LD25X-Uboot-L2022.10-V1.0.0/GEN_FIP/build/myb-stm32mp257x-2GB-ca35tdcid-ostl/core/lib/scmi-server/build/CMakeFiles/_CMakeLTOTest-C/bin/CMakeFiles/foo.dir/DependInfo.cmake
make[3]: Leaving directory '/media/home/beste/01_Pro/ld25x/bsp_hu/MYD-LD25X-Uboot-L2022.10-V1.0.0/GEN_FIP/build/myb-stm32mp257x-2GB-ca35tdcid-ostl/core/lib/scmi-server/build/CMakeFiles/_CMakeLTOTest-C/bin'
/usr/bin/make  -f CMakeFiles/foo.dir/build.make CMakeFiles/foo.dir/build
make[3]: Entering directory '/media/home/beste/01_Pro/ld25x/bsp_hu/MYD-LD25X-Uboot-L2022.10-V1.0.0/GEN_FIP/build/myb-stm32mp257x-2GB-ca35tdcid-ostl/core/lib/scmi-server/build/CMakeFiles/_CMakeLTOTest-C/bin'
[ 25%] Building C object CMakeFiles/foo.dir/foo.c.obj
/media/home/beste/03_toolchain/ld25x/sysroots/x86_64-ostl_sdk-linux/usr/bin/aarch64-ostl-linux/aarch64-ostl-linux-gcc   -O2 -pipe -g -feliminate-unused-debug-types  -ffunction-sections -fdata-sections -fshort-enums -Wall -Werror -Wextra -Wno-error=deprecated-declarations -Wno-unused-parameter -Wno-missing-field-initializers -flto=auto -fno-fat-lto-objects -o CMakeFiles/foo.dir/foo.c.obj -c /media/home/beste/01_Pro/ld25x/bsp_hu/MYD-LD25X-Uboot-L2022.10-V1.0.0/GEN_FIP/build/myb-stm32mp257x-2GB-ca35tdcid-ostl/core/lib/scmi-server/build/CMakeFiles/_CMakeLTOTest-C/src/foo.c
[ 50%] Linking C static library libfoo.a
/media/home/beste/03_toolchain/ld25x/sysroots/x86_64-ostl_sdk-linux/usr/bin/cmake -P CMakeFiles/foo.dir/cmake_clean_target.cmake
/media/home/beste/03_toolchain/ld25x/sysroots/x86_64-ostl_sdk-linux/usr/bin/cmake -E cmake_link_script CMakeFiles/foo.dir/link.txt --verbose=1
"/media/home/beste/03_toolchain/ld25x/sysroots/x86_64-ostl_sdk-linux/usr/bin/aarch64-ostl-linux/aarch64-ostl-linux-gcc-ar" cr libfoo.a CMakeFiles/foo.dir/foo.c.obj
"/media/home/beste/03_toolchain/ld25x/sysroots/x86_64-ostl_sdk-linux/usr/bin/aarch64-ostl-linux/aarch64-ostl-linux-gcc-ranlib" libfoo.a
make[3]: Leaving directory '/media/home/beste/01_Pro/ld25x/bsp_hu/MYD-LD25X-Uboot-L2022.10-V1.0.0/GEN_FIP/build/myb-stm32mp257x-2GB-ca35tdcid-ostl/core/lib/scmi-server/build/CMakeFiles/_CMakeLTOTest-C/bin'
[ 50%] Built target foo
/usr/bin/make  -f CMakeFiles/boo.dir/build.make CMakeFiles/boo.dir/depend
make[3]: Entering directory '/media/home/beste/01_Pro/ld25x/bsp_hu/MYD-LD25X-Uboot-L2022.10-V1.0.0/GEN_FIP/build/myb-stm32mp257x-2GB-ca35tdcid-ostl/core/lib/scmi-server/build/CMakeFiles/_CMakeLTOTest-C/bin'
cd /media/home/beste/01_Pro/ld25x/bsp_hu/MYD-LD25X-Uboot-L2022.10-V1.0.0/GEN_FIP/build/myb-stm32mp257x-2GB-ca35tdcid-ostl/core/lib/scmi-server/build/CMakeFiles/_CMakeLTOTest-C/bin && /media/home/beste/03_toolchain/ld25x/sysroots/x86_64-ostl_sdk-linux/usr/bin/cmake -E cmake_depends "Unix Makefiles" /media/home/beste/01_Pro/ld25x/bsp_hu/MYD-LD25X-Uboot-L2022.10-V1.0.0/GEN_FIP/build/myb-stm32mp257x-2GB-ca35tdcid-ostl/core/lib/scmi-server/build/CMakeFiles/_CMakeLTOTest-C/src /media/home/beste/01_Pro/ld25x/bsp_hu/MYD-LD25X-Uboot-L2022.10-V1.0.0/GEN_FIP/build/myb-stm32mp257x-2GB-ca35tdcid-ostl/core/lib/scmi-server/build/CMakeFiles/_CMakeLTOTest-C/src /media/home/beste/01_Pro/ld25x/bsp_hu/MYD-LD25X-Uboot-L2022.10-V1.0.0/GEN_FIP/build/myb-stm32mp257x-2GB-ca35tdcid-ostl/core/lib/scmi-server/build/CMakeFiles/_CMakeLTOTest-C/bin /media/home/beste/01_Pro/ld25x/bsp_hu/MYD-LD25X-Uboot-L2022.10-V1.0.0/GEN_FIP/build/myb-stm32mp257x-2GB-ca35tdcid-ostl/core/lib/scmi-server/build/CMakeFiles/_CMakeLTOTest-C/bin /media/home/beste/01_Pro/ld25x/bsp_hu/MYD-LD25X-Uboot-L2022.10-V1.0.0/GEN_FIP/build/myb-stm32mp257x-2GB-ca35tdcid-ostl/core/lib/scmi-server/build/CMakeFiles/_CMakeLTOTest-C/bin/CMakeFiles/boo.dir/DependInfo.cmake
make[3]: Leaving directory '/media/home/beste/01_Pro/ld25x/bsp_hu/MYD-LD25X-Uboot-L2022.10-V1.0.0/GEN_FIP/build/myb-stm32mp257x-2GB-ca35tdcid-ostl/core/lib/scmi-server/build/CMakeFiles/_CMakeLTOTest-C/bin'
/usr/bin/make  -f CMakeFiles/boo.dir/build.make CMakeFiles/boo.dir/build
make[3]: Entering directory '/media/home/beste/01_Pro/ld25x/bsp_hu/MYD-LD25X-Uboot-L2022.10-V1.0.0/GEN_FIP/build/myb-stm32mp257x-2GB-ca35tdcid-ostl/core/lib/scmi-server/build/CMakeFiles/_CMakeLTOTest-C/bin'
[ 75%] Building C object CMakeFiles/boo.dir/main.c.obj
/media/home/beste/03_toolchain/ld25x/sysroots/x86_64-ostl_sdk-linux/usr/bin/aarch64-ostl-linux/aarch64-ostl-linux-gcc   -O2 -pipe -g -feliminate-unused-debug-types  -ffunction-sections -fdata-sections -fshort-enums -Wall -Werror -Wextra -Wno-error=deprecated-declarations -Wno-unused-parameter -Wno-missing-field-initializers -flto=auto -fno-fat-lto-objects -o CMakeFiles/boo.dir/main.c.obj -c /media/home/beste/01_Pro/ld25x/bsp_hu/MYD-LD25X-Uboot-L2022.10-V1.0.0/GEN_FIP/build/myb-stm32mp257x-2GB-ca35tdcid-ostl/core/lib/scmi-server/build/CMakeFiles/_CMakeLTOTest-C/src/main.c
[100%] Linking C executable boo
/media/home/beste/03_toolchain/ld25x/sysroots/x86_64-ostl_sdk-linux/usr/bin/cmake -E cmake_link_script CMakeFiles/boo.dir/link.txt --verbose=1
/media/home/beste/03_toolchain/ld25x/sysroots/x86_64-ostl_sdk-linux/usr/bin/aarch64-ostl-linux/aarch64-ostl-linux-gcc -O2 -pipe -g -feliminate-unused-debug-types  -ffunction-sections -fdata-sections -fshort-enums -Wall -Werror -Wextra -Wno-error=deprecated-declarations -Wno-unused-parameter -Wno-missing-field-initializers -flto=auto -fno-fat-lto-objects -Wl,--gc-sections CMakeFiles/boo.dir/main.c.obj -o boo  libfoo.a 
/media/home/beste/03_toolchain/ld25x/sysroots/x86_64-ostl_sdk-linux/usr/libexec/aarch64-ostl-linux/gcc/aarch64-ostl-linux/12.3.0/ld: cannot find crt1.o: No such file or directory
/media/home/beste/03_toolchain/ld25x/sysroots/x86_64-ostl_sdk-linux/usr/libexec/aarch64-ostl-linux/gcc/aarch64-ostl-linux/12.3.0/ld: cannot find crti.o: No such file or directory
/media/home/beste/03_toolchain/ld25x/sysroots/x86_64-ostl_sdk-linux/usr/libexec/aarch64-ostl-linux/gcc/aarch64-ostl-linux/12.3.0/ld: cannot find crtbegin.o: No such file or directory
/media/home/beste/03_toolchain/ld25x/sysroots/x86_64-ostl_sdk-linux/usr/libexec/aarch64-ostl-linux/gcc/aarch64-ostl-linux/12.3.0/ld: cannot find -lgcc: No such file or directory
/media/home/beste/03_toolchain/ld25x/sysroots/x86_64-ostl_sdk-linux/usr/libexec/aarch64-ostl-linux/gcc/aarch64-ostl-linux/12.3.0/ld: cannot find -lgcc_s: No such file or directory
/media/home/beste/03_toolchain/ld25x/sysroots/x86_64-ostl_sdk-linux/usr/libexec/aarch64-ostl-linux/gcc/aarch64-ostl-linux/12.3.0/ld: cannot find -lc: No such file or directory
/media/home/beste/03_toolchain/ld25x/sysroots/x86_64-ostl_sdk-linux/usr/libexec/aarch64-ostl-linux/gcc/aarch64-ostl-linux/12.3.0/ld: cannot find -lgcc: No such file or directory
/media/home/beste/03_toolchain/ld25x/sysroots/x86_64-ostl_sdk-linux/usr/libexec/aarch64-ostl-linux/gcc/aarch64-ostl-linux/12.3.0/ld: cannot find -lgcc_s: No such file or directory
/media/home/beste/03_toolchain/ld25x/sysroots/x86_64-ostl_sdk-linux/usr/libexec/aarch64-ostl-linux/gcc/aarch64-ostl-linux/12.3.0/ld: cannot find crtend.o: No such file or directory
/media/home/beste/03_toolchain/ld25x/sysroots/x86_64-ostl_sdk-linux/usr/libexec/aarch64-ostl-linux/gcc/aarch64-ostl-linux/12.3.0/ld: cannot find crtn.o: No such file or directory
collect2: error: ld returned 1 exit status
make[3]: *** [CMakeFiles/boo.dir/build.make:100: boo] Error 1
make[3]: Leaving directory '/media/home/beste/01_Pro/ld25x/bsp_hu/MYD-LD25X-Uboot-L2022.10-V1.0.0/GEN_FIP/build/myb-stm32mp257x-2GB-ca35tdcid-ostl/core/lib/scmi-server/build/CMakeFiles/_CMakeLTOTest-C/bin'
make[2]: *** [CMakeFiles/Makefile2:114: CMakeFiles/boo.dir/all] Error 2
make[2]: Leaving directory '/media/home/beste/01_Pro/ld25x/bsp_hu/MYD-LD25X-Uboot-L2022.10-V1.0.0/GEN_FIP/build/myb-stm32mp257x-2GB-ca35tdcid-ostl/core/lib/scmi-server/build/CMakeFiles/_CMakeLTOTest-C/bin'
make[1]: *** [Makefile:94: all] Error 2
make[1]: Leaving directory '/media/home/beste/01_Pro/ld25x/bsp_hu/MYD-LD25X-Uboot-L2022.10-V1.0.0/GEN_FIP/build/myb-stm32mp257x-2GB-ca35tdcid-ostl/core/lib/scmi-server/build/CMakeFiles/_CMakeLTOTest-C/bin'


Determining if the __NEWLIB__ exist failed with the following output:
Change Dir: /media/home/beste/01_Pro/ld25x/bsp_hu/MYD-LD25X-Uboot-L2022.10-V1.0.0/GEN_FIP/build/myb-stm32mp257x-2GB-ca35tdcid-ostl/core/lib/scmi-server/build/CMakeFiles/CMakeScratch/TryCompile-9fDIYW

Run Build Command(s):/usr/bin/make -f Makefile cmTC_0e88c/fast && make[1]: Entering directory '/media/home/beste/01_Pro/ld25x/bsp_hu/MYD-LD25X-Uboot-L2022.10-V1.0.0/GEN_FIP/build/myb-stm32mp257x-2GB-ca35tdcid-ostl/core/lib/scmi-server/build/CMakeFiles/CMakeScratch/TryCompile-9fDIYW'
/usr/bin/make  -f CMakeFiles/cmTC_0e88c.dir/build.make CMakeFiles/cmTC_0e88c.dir/build
make[2]: Entering directory '/media/home/beste/01_Pro/ld25x/bsp_hu/MYD-LD25X-Uboot-L2022.10-V1.0.0/GEN_FIP/build/myb-stm32mp257x-2GB-ca35tdcid-ostl/core/lib/scmi-server/build/CMakeFiles/CMakeScratch/TryCompile-9fDIYW'
Building C object CMakeFiles/cmTC_0e88c.dir/CheckSymbolExists.c.obj
/media/home/beste/03_toolchain/ld25x/sysroots/x86_64-ostl_sdk-linux/usr/bin/aarch64-ostl-linux/aarch64-ostl-linux-gcc   -O2 -pipe -g -feliminate-unused-debug-types  -ffunction-sections -fdata-sections -fshort-enums -Wall -Wno-error=deprecated-declarations -Wno-unused-parameter -Wno-missing-field-initializers  -std=gnu11 -o CMakeFiles/cmTC_0e88c.dir/CheckSymbolExists.c.obj -c /media/home/beste/01_Pro/ld25x/bsp_hu/MYD-LD25X-Uboot-L2022.10-V1.0.0/GEN_FIP/build/myb-stm32mp257x-2GB-ca35tdcid-ostl/core/lib/scmi-server/build/CMakeFiles/CMakeScratch/TryCompile-9fDIYW/CheckSymbolExists.c
/media/home/beste/01_Pro/ld25x/bsp_hu/MYD-LD25X-Uboot-L2022.10-V1.0.0/GEN_FIP/build/myb-stm32mp257x-2GB-ca35tdcid-ostl/core/lib/scmi-server/build/CMakeFiles/CMakeScratch/TryCompile-9fDIYW/CheckSymbolExists.c:2:10: fatal error: sys/features.h: No such file or directory
    2 | #include <sys/features.h>
      |          ^~~~~~~~~~~~~~~~
compilation terminated.
make[2]: *** [CMakeFiles/cmTC_0e88c.dir/build.make:78: CMakeFiles/cmTC_0e88c.dir/CheckSymbolExists.c.obj] Error 1
make[2]: Leaving directory '/media/home/beste/01_Pro/ld25x/bsp_hu/MYD-LD25X-Uboot-L2022.10-V1.0.0/GEN_FIP/build/myb-stm32mp257x-2GB-ca35tdcid-ostl/core/lib/scmi-server/build/CMakeFiles/CMakeScratch/TryCompile-9fDIYW'
make[1]: *** [Makefile:127: cmTC_0e88c/fast] Error 2
make[1]: Leaving directory '/media/home/beste/01_Pro/ld25x/bsp_hu/MYD-LD25X-Uboot-L2022.10-V1.0.0/GEN_FIP/build/myb-stm32mp257x-2GB-ca35tdcid-ostl/core/lib/scmi-server/build/CMakeFiles/CMakeScratch/TryCompile-9fDIYW'


File CheckSymbolExists.c:
/* */
#include <sys/features.h>

int main(int argc, char** argv)
{
  (void)argv;
#ifndef __NEWLIB__
  return ((int*)(&__NEWLIB__))[argc];
#else
  (void)argc;
  return 0;
#endif
}

