The target system is: Generic -  - optee
The host system is: Linux - 5.15.0-119-generic - x86_64
Compiling the C compiler identification source file "CMakeCCompilerId.c" succeeded.
Compiler: /media/home/beste/03_toolchain/ld25x/sysroots/x86_64-ostl_sdk-linux/usr/bin/aarch64-ostl-linux/aarch64-ostl-linux-gcc 
Build flags: ;-O2;-pipe;-g;-feliminate-unused-debug-types;
Id flags: -c 

The output was:
0


Compilation of the C compiler identification source "CMakeCCompilerId.c" produced "CMakeCCompilerId.o"

The C compiler identification is GNU, found in "/media/home/beste/01_Pro/ld25x/bsp_hu/MYD-LD25X-Uboot-L2022.10-V1.0.0/GEN_FIP/build/myb-stm32mp257x-2GB-ca35tdcid-ostl/core/lib/scmi-server/build/CMakeFiles/3.25.2/CompilerIdC/CMakeCCompilerId.o"

Checking whether the ASM compiler is GNU using "--version" matched "(GNU assembler)|(GCC)|(Free Software Foundation)":
aarch64-ostl-linux-gcc (GCC) 12.3.0
Copyright (C) 2022 Free Software Foundation, Inc.
This is free software; see the source for copying conditions.  There is NO
warranty; not even for MERCHANTABILITY or FITNESS FOR A PARTICULAR PURPOSE.

Detecting C compiler ABI info compiled with the following output:
Change Dir: /media/home/beste/01_Pro/ld25x/bsp_hu/MYD-LD25X-Uboot-L2022.10-V1.0.0/GEN_FIP/build/myb-stm32mp257x-2GB-ca35tdcid-ostl/core/lib/scmi-server/build/CMakeFiles/CMakeScratch/TryCompile-RP87RM

Run Build Command(s):/usr/bin/make -f Makefile cmTC_7e623/fast && make[1]: Entering directory '/media/home/beste/01_Pro/ld25x/bsp_hu/MYD-LD25X-Uboot-L2022.10-V1.0.0/GEN_FIP/build/myb-stm32mp257x-2GB-ca35tdcid-ostl/core/lib/scmi-server/build/CMakeFiles/CMakeScratch/TryCompile-RP87RM'
/usr/bin/make  -f CMakeFiles/cmTC_7e623.dir/build.make CMakeFiles/cmTC_7e623.dir/build
make[2]: Entering directory '/media/home/beste/01_Pro/ld25x/bsp_hu/MYD-LD25X-Uboot-L2022.10-V1.0.0/GEN_FIP/build/myb-stm32mp257x-2GB-ca35tdcid-ostl/core/lib/scmi-server/build/CMakeFiles/CMakeScratch/TryCompile-RP87RM'
Building C object CMakeFiles/cmTC_7e623.dir/CMakeCCompilerABI.c.obj
/media/home/beste/03_toolchain/ld25x/sysroots/x86_64-ostl_sdk-linux/usr/bin/aarch64-ostl-linux/aarch64-ostl-linux-gcc   -O2 -pipe -g -feliminate-unused-debug-types  -ffunction-sections -fdata-sections -fshort-enums -Wall -Wno-error=deprecated-declarations -Wno-unused-parameter -Wno-missing-field-initializers    -v -o CMakeFiles/cmTC_7e623.dir/CMakeCCompilerABI.c.obj -c /media/home/beste/03_toolchain/ld25x/sysroots/x86_64-ostl_sdk-linux/usr/share/cmake-3.25/Modules/CMakeCCompilerABI.c
Using built-in specs.
COLLECT_GCC=/media/home/beste/03_toolchain/ld25x/sysroots/x86_64-ostl_sdk-linux/usr/bin/aarch64-ostl-linux/aarch64-ostl-linux-gcc
Target: aarch64-ostl-linux
Configured with: ../../../../../../work-shared/gcc-12.3.0-r0/gcc-12.3.0/configure --build=x86_64-linux --host=x86_64-ostl_sdk-linux --target=aarch64-ostl-linux --prefix=/usr/local/oe-sdk-hardcoded-buildpath/sysroots/x86_64-ostl_sdk-linux/usr --exec_prefix=/usr/local/oe-sdk-hardcoded-buildpath/sysroots/x86_64-ostl_sdk-linux/usr --bindir=/usr/local/oe-sdk-hardcoded-buildpath/sysroots/x86_64-ostl_sdk-linux/usr/bin/aarch64-ostl-linux --sbindir=/usr/local/oe-sdk-hardcoded-buildpath/sysroots/x86_64-ostl_sdk-linux/usr/bin/aarch64-ostl-linux --libexecdir=/usr/local/oe-sdk-hardcoded-buildpath/sysroots/x86_64-ostl_sdk-linux/usr/libexec/aarch64-ostl-linux --datadir=/usr/local/oe-sdk-hardcoded-buildpath/sysroots/x86_64-ostl_sdk-linux/usr/share --sysconfdir=/usr/local/oe-sdk-hardcoded-buildpath/sysroots/x86_64-ostl_sdk-linux/etc --sharedstatedir=/usr/local/oe-sdk-hardcoded-buildpath/sysroots/x86_64-ostl_sdk-linux/com --localstatedir=/usr/local/oe-sdk-hardcoded-buildpath/sysroots/x86_64-ostl_sdk-linux/var --libdir=/usr/local/oe-sdk-hardcoded-buildpath/sysroots/x86_64-ostl_sdk-linux/usr/lib/aarch64-ostl-linux --includedir=/usr/local/oe-sdk-hardcoded-buildpath/sysroots/x86_64-ostl_sdk-linux/usr/include --oldincludedir=/usr/local/oe-sdk-hardcoded-buildpath/sysroots/x86_64-ostl_sdk-linux/usr/include --infodir=/usr/local/oe-sdk-hardcoded-buildpath/sysroots/x86_64-ostl_sdk-linux/usr/share/info --mandir=/usr/local/oe-sdk-hardcoded-buildpath/sysroots/x86_64-ostl_sdk-linux/usr/share/man --disable-silent-rules --disable-dependency-tracking --with-libtool-sysroot=/media/home/wujl/STM32MP25X/L6.1.82/build-openstlinuxweston-myd-ld25x/tmp-glibc/work/x86_64-nativesdk-ostl_sdk-linux/gcc-cross-canadian-aarch64/12.3.0-r0/recipe-sysroot --with-gnu-ld --enable-shared --enable-languages=c,c++ --enable-threads=posix --enable-multilib --enable-c99 --enable-long-long --enable-symvers=gnu --enable-libstdcxx-pch --program-prefix=aarch64-ostl-linux- --without-local-prefix --disable-install-libiberty --disable-libssp --enable-libitm --enable-lto --disable-bootstrap --with-system-zlib --with-linker-hash-style=gnu --enable-linker-build-id --with-ppl=no --with-cloog=no --enable-checking=release --enable-cheaders=c_global --without-isl --with-gxx-include-dir=/not/exist/usr/include/c++/12.3.0 --with-build-time-tools=/media/home/wujl/STM32MP25X/L6.1.82/build-openstlinuxweston-myd-ld25x/tmp-glibc/work/x86_64-nativesdk-ostl_sdk-linux/gcc-cross-canadian-aarch64/12.3.0-r0/recipe-sysroot-native/usr/aarch64-ostl-linux/bin --with-sysroot=/not/exist --with-build-sysroot=/media/home/wujl/STM32MP25X/L6.1.82/build-openstlinuxweston-myd-ld25x/tmp-glibc/work/x86_64-nativesdk-ostl_sdk-linux/gcc-cross-canadian-aarch64/12.3.0-r0/recipe-sysroot --with-plugin-ld=ld --enable-poison-system-directories --disable-static --enable-nls --with-glibc-version=2.28 --enable-initfini-array --enable-__cxa_atexit
Thread model: posix
Supported LTO compression algorithms: zlib zstd
gcc version 12.3.0 (GCC) 
COLLECT_GCC_OPTIONS='-O2' '-pipe' '-g' '-feliminate-unused-debug-types' '-ffunction-sections' '-fdata-sections' '-fshort-enums' '-Wall' '-Wno-error=deprecated-declarations' '-Wno-unused-parameter' '-Wno-missing-field-initializers' '-v' '-o' 'CMakeFiles/cmTC_7e623.dir/CMakeCCompilerABI.c.obj' '-c' '-mlittle-endian' '-mabi=lp64' '-dumpdir' 'CMakeFiles/cmTC_7e623.dir/'
 /media/home/beste/03_toolchain/ld25x/sysroots/x86_64-ostl_sdk-linux/usr/libexec/aarch64-ostl-linux/gcc/aarch64-ostl-linux/12.3.0/cc1 -quiet -v /media/home/beste/03_toolchain/ld25x/sysroots/x86_64-ostl_sdk-linux/usr/share/cmake-3.25/Modules/CMakeCCompilerABI.c -quiet -dumpdir CMakeFiles/cmTC_7e623.dir/ -dumpbase CMakeCCompilerABI.c.c -dumpbase-ext .c -mlittle-endian -mabi=lp64 -g -O2 -Wall -Wno-error=deprecated-declarations -Wno-unused-parameter -Wno-missing-field-initializers -version -feliminate-unused-debug-types -ffunction-sections -fdata-sections -fshort-enums -o - |
 /media/home/beste/03_toolchain/ld25x/sysroots/x86_64-ostl_sdk-linux/usr/libexec/aarch64-ostl-linux/gcc/aarch64-ostl-linux/12.3.0/as -v --gdwarf-5 -EL -mabi=lp64 -o CMakeFiles/cmTC_7e623.dir/CMakeCCompilerABI.c.obj
GNU assembler version 2.40.0 (aarch64-ostl-linux) using BFD version (GNU Binutils) 2.40.0.20230703
GNU C17 (GCC) version 12.3.0 (aarch64-ostl-linux)
	compiled by GNU C version 12.3.0, GMP version 6.2.1, MPFR version 4.2.1, MPC version 1.3.1, isl version none
GGC heuristics: --param ggc-min-expand=100 --param ggc-min-heapsize=131072
ignoring nonexistent directory "/not/exist/usr/lib/aarch64-ostl-linux/12.3.0/include"
ignoring nonexistent directory "/not/exist/usr/local/include"
ignoring nonexistent directory "/media/home/beste/03_toolchain/ld25x/sysroots/x86_64-ostl_sdk-linux/usr/lib/aarch64-ostl-linux/gcc/aarch64-ostl-linux/12.3.0/../../../../../aarch64-ostl-linux/include"
ignoring nonexistent directory "/not/exist/usr/include/"
#include "..." search starts here:
#include <...> search starts here:
 /media/home/beste/03_toolchain/ld25x/sysroots/x86_64-ostl_sdk-linux/usr/lib/aarch64-ostl-linux/gcc/aarch64-ostl-linux/12.3.0/include
 /media/home/beste/03_toolchain/ld25x/sysroots/x86_64-ostl_sdk-linux/usr/lib/aarch64-ostl-linux/gcc/aarch64-ostl-linux/12.3.0/include-fixed
End of search list.
GNU C17 (GCC) version 12.3.0 (aarch64-ostl-linux)
	compiled by GNU C version 12.3.0, GMP version 6.2.1, MPFR version 4.2.1, MPC version 1.3.1, isl version none
GGC heuristics: --param ggc-min-expand=100 --param ggc-min-heapsize=131072
Compiler executable checksum: 8ea69fcc622ce9ebe76df7c57dd141a8
COMPILER_PATH=/media/home/beste/03_toolchain/ld25x/sysroots/x86_64-ostl_sdk-linux/usr/libexec/aarch64-ostl-linux/gcc/aarch64-ostl-linux/12.3.0/:/media/home/beste/03_toolchain/ld25x/sysroots/x86_64-ostl_sdk-linux/usr/libexec/aarch64-ostl-linux/gcc/aarch64-ostl-linux/12.3.0/:/media/home/beste/03_toolchain/ld25x/sysroots/x86_64-ostl_sdk-linux/usr/libexec/aarch64-ostl-linux/gcc/aarch64-ostl-linux/:/media/home/beste/03_toolchain/ld25x/sysroots/x86_64-ostl_sdk-linux/usr/lib/aarch64-ostl-linux/gcc/aarch64-ostl-linux/12.3.0/:/media/home/beste/03_toolchain/ld25x/sysroots/x86_64-ostl_sdk-linux/usr/lib/aarch64-ostl-linux/gcc/aarch64-ostl-linux/
LIBRARY_PATH=/media/home/beste/03_toolchain/ld25x/sysroots/x86_64-ostl_sdk-linux/usr/lib/aarch64-ostl-linux/gcc/aarch64-ostl-linux/12.3.0/
COLLECT_GCC_OPTIONS='-O2' '-pipe' '-g' '-feliminate-unused-debug-types' '-ffunction-sections' '-fdata-sections' '-fshort-enums' '-Wall' '-Wno-error=deprecated-declarations' '-Wno-unused-parameter' '-Wno-missing-field-initializers' '-v' '-o' 'CMakeFiles/cmTC_7e623.dir/CMakeCCompilerABI.c.obj' '-c' '-mlittle-endian' '-mabi=lp64' '-dumpdir' 'CMakeFiles/cmTC_7e623.dir/CMakeCCompilerABI.c.'
Linking C static library libcmTC_7e623.a
/media/home/beste/03_toolchain/ld25x/sysroots/x86_64-ostl_sdk-linux/usr/bin/cmake -P CMakeFiles/cmTC_7e623.dir/cmake_clean_target.cmake
/media/home/beste/03_toolchain/ld25x/sysroots/x86_64-ostl_sdk-linux/usr/bin/cmake -E cmake_link_script CMakeFiles/cmTC_7e623.dir/link.txt --verbose=1
/media/home/beste/03_toolchain/ld25x/sysroots/x86_64-ostl_sdk-linux/usr/bin/aarch64-ostl-linux/aarch64-ostl-linux-ar qc libcmTC_7e623.a CMakeFiles/cmTC_7e623.dir/CMakeCCompilerABI.c.obj
/media/home/beste/03_toolchain/ld25x/sysroots/x86_64-ostl_sdk-linux/usr/bin/aarch64-ostl-linux/aarch64-ostl-linux-ranlib libcmTC_7e623.a
make[2]: Leaving directory '/media/home/beste/01_Pro/ld25x/bsp_hu/MYD-LD25X-Uboot-L2022.10-V1.0.0/GEN_FIP/build/myb-stm32mp257x-2GB-ca35tdcid-ostl/core/lib/scmi-server/build/CMakeFiles/CMakeScratch/TryCompile-RP87RM'
make[1]: Leaving directory '/media/home/beste/01_Pro/ld25x/bsp_hu/MYD-LD25X-Uboot-L2022.10-V1.0.0/GEN_FIP/build/myb-stm32mp257x-2GB-ca35tdcid-ostl/core/lib/scmi-server/build/CMakeFiles/CMakeScratch/TryCompile-RP87RM'



Parsed C implicit include dir info from above output: rv=done
  found start of include info
  found start of implicit include info
    add: [/media/home/beste/03_toolchain/ld25x/sysroots/x86_64-ostl_sdk-linux/usr/lib/aarch64-ostl-linux/gcc/aarch64-ostl-linux/12.3.0/include]
    add: [/media/home/beste/03_toolchain/ld25x/sysroots/x86_64-ostl_sdk-linux/usr/lib/aarch64-ostl-linux/gcc/aarch64-ostl-linux/12.3.0/include-fixed]
  end of search list found
  collapse include dir [/media/home/beste/03_toolchain/ld25x/sysroots/x86_64-ostl_sdk-linux/usr/lib/aarch64-ostl-linux/gcc/aarch64-ostl-linux/12.3.0/include] ==> [/media/home/beste/03_toolchain/ld25x/sysroots/x86_64-ostl_sdk-linux/usr/lib/aarch64-ostl-linux/gcc/aarch64-ostl-linux/12.3.0/include]
  collapse include dir [/media/home/beste/03_toolchain/ld25x/sysroots/x86_64-ostl_sdk-linux/usr/lib/aarch64-ostl-linux/gcc/aarch64-ostl-linux/12.3.0/include-fixed] ==> [/media/home/beste/03_toolchain/ld25x/sysroots/x86_64-ostl_sdk-linux/usr/lib/aarch64-ostl-linux/gcc/aarch64-ostl-linux/12.3.0/include-fixed]
  implicit include dirs: [/media/home/beste/03_toolchain/ld25x/sysroots/x86_64-ostl_sdk-linux/usr/lib/aarch64-ostl-linux/gcc/aarch64-ostl-linux/12.3.0/include;/media/home/beste/03_toolchain/ld25x/sysroots/x86_64-ostl_sdk-linux/usr/lib/aarch64-ostl-linux/gcc/aarch64-ostl-linux/12.3.0/include-fixed]


Parsed C implicit link information from above output:
  link line regex: [^( *|.*[/\])(aarch64-ostl-linux-ld|CMAKE_LINK_STARTFILE-NOTFOUND|([^/\]+-)?ld|collect2)[^/\]*( |$)]
  ignore line: [Change Dir: /media/home/beste/01_Pro/ld25x/bsp_hu/MYD-LD25X-Uboot-L2022.10-V1.0.0/GEN_FIP/build/myb-stm32mp257x-2GB-ca35tdcid-ostl/core/lib/scmi-server/build/CMakeFiles/CMakeScratch/TryCompile-RP87RM]
  ignore line: []
  ignore line: [Run Build Command(s):/usr/bin/make -f Makefile cmTC_7e623/fast && make[1]: Entering directory '/media/home/beste/01_Pro/ld25x/bsp_hu/MYD-LD25X-Uboot-L2022.10-V1.0.0/GEN_FIP/build/myb-stm32mp257x-2GB-ca35tdcid-ostl/core/lib/scmi-server/build/CMakeFiles/CMakeScratch/TryCompile-RP87RM']
  ignore line: [/usr/bin/make  -f CMakeFiles/cmTC_7e623.dir/build.make CMakeFiles/cmTC_7e623.dir/build]
  ignore line: [make[2]: Entering directory '/media/home/beste/01_Pro/ld25x/bsp_hu/MYD-LD25X-Uboot-L2022.10-V1.0.0/GEN_FIP/build/myb-stm32mp257x-2GB-ca35tdcid-ostl/core/lib/scmi-server/build/CMakeFiles/CMakeScratch/TryCompile-RP87RM']
  ignore line: [Building C object CMakeFiles/cmTC_7e623.dir/CMakeCCompilerABI.c.obj]
  ignore line: [/media/home/beste/03_toolchain/ld25x/sysroots/x86_64-ostl_sdk-linux/usr/bin/aarch64-ostl-linux/aarch64-ostl-linux-gcc   -O2 -pipe -g -feliminate-unused-debug-types  -ffunction-sections -fdata-sections -fshort-enums -Wall -Wno-error=deprecated-declarations -Wno-unused-parameter -Wno-missing-field-initializers    -v -o CMakeFiles/cmTC_7e623.dir/CMakeCCompilerABI.c.obj -c /media/home/beste/03_toolchain/ld25x/sysroots/x86_64-ostl_sdk-linux/usr/share/cmake-3.25/Modules/CMakeCCompilerABI.c]
  ignore line: [Using built-in specs.]
  ignore line: [COLLECT_GCC=/media/home/beste/03_toolchain/ld25x/sysroots/x86_64-ostl_sdk-linux/usr/bin/aarch64-ostl-linux/aarch64-ostl-linux-gcc]
  ignore line: [Target: aarch64-ostl-linux]
  ignore line: [Configured with: ../../../../../../work-shared/gcc-12.3.0-r0/gcc-12.3.0/configure --build=x86_64-linux --host=x86_64-ostl_sdk-linux --target=aarch64-ostl-linux --prefix=/usr/local/oe-sdk-hardcoded-buildpath/sysroots/x86_64-ostl_sdk-linux/usr --exec_prefix=/usr/local/oe-sdk-hardcoded-buildpath/sysroots/x86_64-ostl_sdk-linux/usr --bindir=/usr/local/oe-sdk-hardcoded-buildpath/sysroots/x86_64-ostl_sdk-linux/usr/bin/aarch64-ostl-linux --sbindir=/usr/local/oe-sdk-hardcoded-buildpath/sysroots/x86_64-ostl_sdk-linux/usr/bin/aarch64-ostl-linux --libexecdir=/usr/local/oe-sdk-hardcoded-buildpath/sysroots/x86_64-ostl_sdk-linux/usr/libexec/aarch64-ostl-linux --datadir=/usr/local/oe-sdk-hardcoded-buildpath/sysroots/x86_64-ostl_sdk-linux/usr/share --sysconfdir=/usr/local/oe-sdk-hardcoded-buildpath/sysroots/x86_64-ostl_sdk-linux/etc --sharedstatedir=/usr/local/oe-sdk-hardcoded-buildpath/sysroots/x86_64-ostl_sdk-linux/com --localstatedir=/usr/local/oe-sdk-hardcoded-buildpath/sysroots/x86_64-ostl_sdk-linux/var --libdir=/usr/local/oe-sdk-hardcoded-buildpath/sysroots/x86_64-ostl_sdk-linux/usr/lib/aarch64-ostl-linux --includedir=/usr/local/oe-sdk-hardcoded-buildpath/sysroots/x86_64-ostl_sdk-linux/usr/include --oldincludedir=/usr/local/oe-sdk-hardcoded-buildpath/sysroots/x86_64-ostl_sdk-linux/usr/include --infodir=/usr/local/oe-sdk-hardcoded-buildpath/sysroots/x86_64-ostl_sdk-linux/usr/share/info --mandir=/usr/local/oe-sdk-hardcoded-buildpath/sysroots/x86_64-ostl_sdk-linux/usr/share/man --disable-silent-rules --disable-dependency-tracking --with-libtool-sysroot=/media/home/wujl/STM32MP25X/L6.1.82/build-openstlinuxweston-myd-ld25x/tmp-glibc/work/x86_64-nativesdk-ostl_sdk-linux/gcc-cross-canadian-aarch64/12.3.0-r0/recipe-sysroot --with-gnu-ld --enable-shared --enable-languages=c,c++ --enable-threads=posix --enable-multilib --enable-c99 --enable-long-long --enable-symvers=gnu --enable-libstdcxx-pch --program-prefix=aarch64-ostl-linux- --without-local-prefix --disable-install-libiberty --disable-libssp --enable-libitm --enable-lto --disable-bootstrap --with-system-zlib --with-linker-hash-style=gnu --enable-linker-build-id --with-ppl=no --with-cloog=no --enable-checking=release --enable-cheaders=c_global --without-isl --with-gxx-include-dir=/not/exist/usr/include/c++/12.3.0 --with-build-time-tools=/media/home/wujl/STM32MP25X/L6.1.82/build-openstlinuxweston-myd-ld25x/tmp-glibc/work/x86_64-nativesdk-ostl_sdk-linux/gcc-cross-canadian-aarch64/12.3.0-r0/recipe-sysroot-native/usr/aarch64-ostl-linux/bin --with-sysroot=/not/exist --with-build-sysroot=/media/home/wujl/STM32MP25X/L6.1.82/build-openstlinuxweston-myd-ld25x/tmp-glibc/work/x86_64-nativesdk-ostl_sdk-linux/gcc-cross-canadian-aarch64/12.3.0-r0/recipe-sysroot --with-plugin-ld=ld --enable-poison-system-directories --disable-static --enable-nls --with-glibc-version=2.28 --enable-initfini-array --enable-__cxa_atexit]
  ignore line: [Thread model: posix]
  ignore line: [Supported LTO compression algorithms: zlib zstd]
  ignore line: [gcc version 12.3.0 (GCC) ]
  ignore line: [COLLECT_GCC_OPTIONS='-O2' '-pipe' '-g' '-feliminate-unused-debug-types' '-ffunction-sections' '-fdata-sections' '-fshort-enums' '-Wall' '-Wno-error=deprecated-declarations' '-Wno-unused-parameter' '-Wno-missing-field-initializers' '-v' '-o' 'CMakeFiles/cmTC_7e623.dir/CMakeCCompilerABI.c.obj' '-c' '-mlittle-endian' '-mabi=lp64' '-dumpdir' 'CMakeFiles/cmTC_7e623.dir/']
  ignore line: [ /media/home/beste/03_toolchain/ld25x/sysroots/x86_64-ostl_sdk-linux/usr/libexec/aarch64-ostl-linux/gcc/aarch64-ostl-linux/12.3.0/cc1 -quiet -v /media/home/beste/03_toolchain/ld25x/sysroots/x86_64-ostl_sdk-linux/usr/share/cmake-3.25/Modules/CMakeCCompilerABI.c -quiet -dumpdir CMakeFiles/cmTC_7e623.dir/ -dumpbase CMakeCCompilerABI.c.c -dumpbase-ext .c -mlittle-endian -mabi=lp64 -g -O2 -Wall -Wno-error=deprecated-declarations -Wno-unused-parameter -Wno-missing-field-initializers -version -feliminate-unused-debug-types -ffunction-sections -fdata-sections -fshort-enums -o - |]
  ignore line: [ /media/home/beste/03_toolchain/ld25x/sysroots/x86_64-ostl_sdk-linux/usr/libexec/aarch64-ostl-linux/gcc/aarch64-ostl-linux/12.3.0/as -v --gdwarf-5 -EL -mabi=lp64 -o CMakeFiles/cmTC_7e623.dir/CMakeCCompilerABI.c.obj]
  ignore line: [GNU assembler version 2.40.0 (aarch64-ostl-linux) using BFD version (GNU Binutils) 2.40.0.20230703]
  ignore line: [GNU C17 (GCC) version 12.3.0 (aarch64-ostl-linux)]
  ignore line: [	compiled by GNU C version 12.3.0  GMP version 6.2.1  MPFR version 4.2.1  MPC version 1.3.1  isl version none]
  ignore line: [GGC heuristics: --param ggc-min-expand=100 --param ggc-min-heapsize=131072]
  ignore line: [ignoring nonexistent directory "/not/exist/usr/lib/aarch64-ostl-linux/12.3.0/include"]
  ignore line: [ignoring nonexistent directory "/not/exist/usr/local/include"]
  ignore line: [ignoring nonexistent directory "/media/home/beste/03_toolchain/ld25x/sysroots/x86_64-ostl_sdk-linux/usr/lib/aarch64-ostl-linux/gcc/aarch64-ostl-linux/12.3.0/../../../../../aarch64-ostl-linux/include"]
  ignore line: [ignoring nonexistent directory "/not/exist/usr/include/"]
  ignore line: [#include "..." search starts here:]
  ignore line: [#include <...> search starts here:]
  ignore line: [ /media/home/beste/03_toolchain/ld25x/sysroots/x86_64-ostl_sdk-linux/usr/lib/aarch64-ostl-linux/gcc/aarch64-ostl-linux/12.3.0/include]
  ignore line: [ /media/home/beste/03_toolchain/ld25x/sysroots/x86_64-ostl_sdk-linux/usr/lib/aarch64-ostl-linux/gcc/aarch64-ostl-linux/12.3.0/include-fixed]
  ignore line: [End of search list.]
  ignore line: [GNU C17 (GCC) version 12.3.0 (aarch64-ostl-linux)]
  ignore line: [	compiled by GNU C version 12.3.0  GMP version 6.2.1  MPFR version 4.2.1  MPC version 1.3.1  isl version none]
  ignore line: [GGC heuristics: --param ggc-min-expand=100 --param ggc-min-heapsize=131072]
  ignore line: [Compiler executable checksum: 8ea69fcc622ce9ebe76df7c57dd141a8]
  ignore line: [COMPILER_PATH=/media/home/beste/03_toolchain/ld25x/sysroots/x86_64-ostl_sdk-linux/usr/libexec/aarch64-ostl-linux/gcc/aarch64-ostl-linux/12.3.0/:/media/home/beste/03_toolchain/ld25x/sysroots/x86_64-ostl_sdk-linux/usr/libexec/aarch64-ostl-linux/gcc/aarch64-ostl-linux/12.3.0/:/media/home/beste/03_toolchain/ld25x/sysroots/x86_64-ostl_sdk-linux/usr/libexec/aarch64-ostl-linux/gcc/aarch64-ostl-linux/:/media/home/beste/03_toolchain/ld25x/sysroots/x86_64-ostl_sdk-linux/usr/lib/aarch64-ostl-linux/gcc/aarch64-ostl-linux/12.3.0/:/media/home/beste/03_toolchain/ld25x/sysroots/x86_64-ostl_sdk-linux/usr/lib/aarch64-ostl-linux/gcc/aarch64-ostl-linux/]
  ignore line: [LIBRARY_PATH=/media/home/beste/03_toolchain/ld25x/sysroots/x86_64-ostl_sdk-linux/usr/lib/aarch64-ostl-linux/gcc/aarch64-ostl-linux/12.3.0/]
  ignore line: [COLLECT_GCC_OPTIONS='-O2' '-pipe' '-g' '-feliminate-unused-debug-types' '-ffunction-sections' '-fdata-sections' '-fshort-enums' '-Wall' '-Wno-error=deprecated-declarations' '-Wno-unused-parameter' '-Wno-missing-field-initializers' '-v' '-o' 'CMakeFiles/cmTC_7e623.dir/CMakeCCompilerABI.c.obj' '-c' '-mlittle-endian' '-mabi=lp64' '-dumpdir' 'CMakeFiles/cmTC_7e623.dir/CMakeCCompilerABI.c.']
  ignore line: [Linking C static library libcmTC_7e623.a]
  ignore line: [/media/home/beste/03_toolchain/ld25x/sysroots/x86_64-ostl_sdk-linux/usr/bin/cmake -P CMakeFiles/cmTC_7e623.dir/cmake_clean_target.cmake]
  ignore line: [/media/home/beste/03_toolchain/ld25x/sysroots/x86_64-ostl_sdk-linux/usr/bin/cmake -E cmake_link_script CMakeFiles/cmTC_7e623.dir/link.txt --verbose=1]
  ignore line: [/media/home/beste/03_toolchain/ld25x/sysroots/x86_64-ostl_sdk-linux/usr/bin/aarch64-ostl-linux/aarch64-ostl-linux-ar qc libcmTC_7e623.a CMakeFiles/cmTC_7e623.dir/CMakeCCompilerABI.c.obj]
  ignore line: [/media/home/beste/03_toolchain/ld25x/sysroots/x86_64-ostl_sdk-linux/usr/bin/aarch64-ostl-linux/aarch64-ostl-linux-ranlib libcmTC_7e623.a]
  ignore line: [make[2]: Leaving directory '/media/home/beste/01_Pro/ld25x/bsp_hu/MYD-LD25X-Uboot-L2022.10-V1.0.0/GEN_FIP/build/myb-stm32mp257x-2GB-ca35tdcid-ostl/core/lib/scmi-server/build/CMakeFiles/CMakeScratch/TryCompile-RP87RM']
  ignore line: [make[1]: Leaving directory '/media/home/beste/01_Pro/ld25x/bsp_hu/MYD-LD25X-Uboot-L2022.10-V1.0.0/GEN_FIP/build/myb-stm32mp257x-2GB-ca35tdcid-ostl/core/lib/scmi-server/build/CMakeFiles/CMakeScratch/TryCompile-RP87RM']
  ignore line: []
  ignore line: []
  implicit libs: []
  implicit objs: []
  implicit dirs: []
  implicit fwks: []


